[debug] [2018-03-23T20:29:38.331Z] ----------------------------------------------------------------------
[debug] [2018-03-23T20:29:38.331Z] Command:       C:\Program Files\nodejs\node.exe C:\Users\douglas.pimentel\AppData\Roaming\npm\node_modules\firebase-tools\bin\firebase serve
[debug] [2018-03-23T20:29:38.331Z] CLI Version:   3.17.7
[debug] [2018-03-23T20:29:38.331Z] Platform:      win32
[debug] [2018-03-23T20:29:38.331Z] Node Version:  v8.9.4
[debug] [2018-03-23T20:29:38.347Z] Time:          Fri Mar 23 2018 17:29:38 GMT-0300 (Hora oficial do Brasil)
[debug] [2018-03-23T20:29:38.347Z] ----------------------------------------------------------------------
[debug] 
[debug] [2018-03-23T20:29:38.372Z] > command requires scopes: ["email","openid","https://www.googleapis.com/auth/cloudplatformprojects.readonly","https://www.googleapis.com/auth/firebase","https://www.googleapis.com/auth/cloud-platform"]
[debug] [2018-03-23T20:29:38.372Z] > authorizing via signed-in user
[debug] [2018-03-23T20:29:38.374Z] > refreshing access token with scopes: ["email","https://www.googleapis.com/auth/cloud-platform","https://www.googleapis.com/auth/cloudplatformprojects.readonly","https://www.googleapis.com/auth/firebase","openid"]
[debug] [2018-03-23T20:29:38.374Z] >>> HTTP REQUEST POST https://www.googleapis.com/oauth2/v3/token  
 { refresh_token: '1/Rv81lwWPKk12IJYQeS98QpQklg45iPDl042S-13N72w',
  client_id: '563584335869-fgrhgmd47bqnekij5i8b5pr03ho849e6.apps.googleusercontent.com',
  client_secret: 'j9iVZfS8kkCEFUPaAeJV0sAi',
  grant_type: 'refresh_token',
  scope: 'email https://www.googleapis.com/auth/cloud-platform https://www.googleapis.com/auth/cloudplatformprojects.readonly https://www.googleapis.com/auth/firebase openid' } 
 Fri Mar 23 2018 17:29:38 GMT-0300 (Hora oficial do Brasil)
[debug] [2018-03-23T20:29:38.731Z] <<< HTTP RESPONSE 200
[debug] [2018-03-23T20:29:38.778Z] >>> HTTP REQUEST GET https://admin.firebase.com/v1/projects/gamaexperience12-assignment1  
  
 Fri Mar 23 2018 17:29:38 GMT-0300 (Hora oficial do Brasil)
[debug] [2018-03-23T20:29:39.645Z] <<< HTTP RESPONSE 200
[debug] [2018-03-23T20:29:39.645Z] >>> HTTP REQUEST GET https://admin.firebase.com/v1/database/gamaexperience12-assignment1/tokens  
  
 Fri Mar 23 2018 17:29:39 GMT-0300 (Hora oficial do Brasil)
[debug] [2018-03-23T20:29:40.358Z] <<< HTTP RESPONSE 200
[debug] [2018-03-23T20:29:40.358Z] >>> HTTP REQUEST GET https://cloudresourcemanager.googleapis.com/v1/projects/gamaexperience12-assignment1  
  
 Fri Mar 23 2018 17:29:40 GMT-0300 (Hora oficial do Brasil)
[debug] [2018-03-23T20:29:41.282Z] <<< HTTP RESPONSE 200
[info] 
[info] === Serving from 'C:\Douglas\Cursos\Gama\GamaExperience12'...
[info] 
[debug] [2018-03-23T20:29:41.282Z] >>> HTTP REQUEST GET https://mobilesdk-pa.googleapis.com/v1/projects/872231773224/clients/_:getWebAppConfig  
  
 Fri Mar 23 2018 17:29:41 GMT-0300 (Hora oficial do Brasil)
[debug] [2018-03-23T20:29:42.539Z] <<< HTTP RESPONSE 200
[debug] [2018-03-23T20:29:42.571Z] TypeError: Cannot read property 'public' of undefined
    at Server.<anonymous> (C:\Users\douglas.pimentel\AppData\Roaming\npm\node_modules\firebase-tools\lib\serve\hosting.js:34:18)
    at Object.onceWrapper (events.js:313:30)
    at emitNone (events.js:106:13)
    at Server.emit (events.js:208:7)
    at emitListeningNT (net.js:1378:10)
    at _combinedTickCallback (internal/process/next_tick.js:135:11)
    at process._tickDomainCallback (internal/process/next_tick.js:218:9)
[error] 
[error] Error: An unexpected error has occurred.
[debug] [2018-03-23T20:29:51.586Z] ----------------------------------------------------------------------
[debug] [2018-03-23T20:29:51.586Z] Command:       C:\Program Files\nodejs\node.exe C:\Users\douglas.pimentel\AppData\Roaming\npm\node_modules\firebase-tools\bin\firebase serve
[debug] [2018-03-23T20:29:51.586Z] CLI Version:   3.17.7
[debug] [2018-03-23T20:29:51.586Z] Platform:      win32
[debug] [2018-03-23T20:29:51.586Z] Node Version:  v8.9.4
[debug] [2018-03-23T20:29:51.586Z] Time:          Fri Mar 23 2018 17:29:51 GMT-0300 (Hora oficial do Brasil)
[debug] [2018-03-23T20:29:51.586Z] ----------------------------------------------------------------------
[debug] 
[debug] [2018-03-23T20:29:51.602Z] > command requires scopes: ["email","openid","https://www.googleapis.com/auth/cloudplatformprojects.readonly","https://www.googleapis.com/auth/firebase","https://www.googleapis.com/auth/cloud-platform"]
[debug] [2018-03-23T20:29:51.602Z] > authorizing via signed-in user
[debug] [2018-03-23T20:29:51.602Z] >>> HTTP REQUEST GET https://admin.firebase.com/v1/projects/gamaexperience12-assignment1  
  
 Fri Mar 23 2018 17:29:51 GMT-0300 (Hora oficial do Brasil)
[debug] [2018-03-23T20:29:52.424Z] <<< HTTP RESPONSE 200
[debug] [2018-03-23T20:29:52.425Z] >>> HTTP REQUEST GET https://admin.firebase.com/v1/database/gamaexperience12-assignment1/tokens  
  
 Fri Mar 23 2018 17:29:52 GMT-0300 (Hora oficial do Brasil)
[debug] [2018-03-23T20:29:53.121Z] <<< HTTP RESPONSE 200
[debug] [2018-03-23T20:29:53.121Z] >>> HTTP REQUEST GET https://cloudresourcemanager.googleapis.com/v1/projects/gamaexperience12-assignment1  
  
 Fri Mar 23 2018 17:29:53 GMT-0300 (Hora oficial do Brasil)
[debug] [2018-03-23T20:29:53.953Z] <<< HTTP RESPONSE 200
[info] 
[info] === Serving from 'C:\Douglas\Cursos\Gama\GamaExperience12'...
[info] 
[debug] [2018-03-23T20:29:53.953Z] >>> HTTP REQUEST GET https://mobilesdk-pa.googleapis.com/v1/projects/872231773224/clients/_:getWebAppConfig  
  
 Fri Mar 23 2018 17:29:53 GMT-0300 (Hora oficial do Brasil)
[debug] [2018-03-23T20:29:54.480Z] <<< HTTP RESPONSE 200
[debug] [2018-03-23T20:29:54.508Z] TypeError: Cannot read property 'public' of undefined
    at Server.<anonymous> (C:\Users\douglas.pimentel\AppData\Roaming\npm\node_modules\firebase-tools\lib\serve\hosting.js:34:18)
    at Object.onceWrapper (events.js:313:30)
    at emitNone (events.js:106:13)
    at Server.emit (events.js:208:7)
    at emitListeningNT (net.js:1378:10)
    at _combinedTickCallback (internal/process/next_tick.js:135:11)
    at process._tickDomainCallback (internal/process/next_tick.js:218:9)
[error] 
[error] Error: An unexpected error has occurred.
[debug] [2018-03-23T20:32:32.801Z] ----------------------------------------------------------------------
[debug] [2018-03-23T20:32:32.801Z] Command:       C:\Program Files\nodejs\node.exe C:\Users\douglas.pimentel\AppData\Roaming\npm\node_modules\firebase-tools\bin\firebase serve
[debug] [2018-03-23T20:32:32.801Z] CLI Version:   3.17.7
[debug] [2018-03-23T20:32:32.801Z] Platform:      win32
[debug] [2018-03-23T20:32:32.801Z] Node Version:  v8.9.4
[debug] [2018-03-23T20:32:32.801Z] Time:          Fri Mar 23 2018 17:32:32 GMT-0300 (Hora oficial do Brasil)
[debug] [2018-03-23T20:32:32.801Z] ----------------------------------------------------------------------
[debug] 
[debug] [2018-03-23T20:32:32.817Z] > command requires scopes: ["email","openid","https://www.googleapis.com/auth/cloudplatformprojects.readonly","https://www.googleapis.com/auth/firebase","https://www.googleapis.com/auth/cloud-platform"]
[debug] [2018-03-23T20:32:32.817Z] > authorizing via signed-in user
[debug] [2018-03-23T20:32:32.817Z] >>> HTTP REQUEST GET https://admin.firebase.com/v1/projects/gamaexperience12-assignment1  
  
 Fri Mar 23 2018 17:32:32 GMT-0300 (Hora oficial do Brasil)
[debug] [2018-03-23T20:32:33.703Z] <<< HTTP RESPONSE 200
[debug] [2018-03-23T20:32:33.703Z] >>> HTTP REQUEST GET https://admin.firebase.com/v1/database/gamaexperience12-assignment1/tokens  
  
 Fri Mar 23 2018 17:32:33 GMT-0300 (Hora oficial do Brasil)
[debug] [2018-03-23T20:32:34.453Z] <<< HTTP RESPONSE 200
[debug] [2018-03-23T20:32:34.453Z] >>> HTTP REQUEST GET https://cloudresourcemanager.googleapis.com/v1/projects/gamaexperience12-assignment1  
  
 Fri Mar 23 2018 17:32:34 GMT-0300 (Hora oficial do Brasil)
[debug] [2018-03-23T20:32:35.334Z] <<< HTTP RESPONSE 200
[info] 
[info] === Serving from 'C:\Douglas\Cursos\Gama\GamaExperience12'...
[info] 
[debug] [2018-03-23T20:32:35.339Z] >>> HTTP REQUEST GET https://mobilesdk-pa.googleapis.com/v1/projects/872231773224/clients/_:getWebAppConfig  
  
 Fri Mar 23 2018 17:32:35 GMT-0300 (Hora oficial do Brasil)
[debug] [2018-03-23T20:32:35.837Z] <<< HTTP RESPONSE 200
[info] i  hosting: Serving hosting files from: ./
[info] +  hosting: Local server: http://localhost:5000

